<?xml version="1.0" encoding="UTF-8"?>
<!-- Generated by org.testng.reporters.JUnitXMLReporter -->
<testsuite ignored="0" hostname="Raul" failures="0" tests="5" name="UserTests" time="12.896" errors="0" timestamp="2026-03-14T16:57:40 IST">
  <testcase classname="tests.UserTests" name="testCreateUser" time="3.505"/>
  <testcase classname="tests.UserTests" name="testDeleteUser" time="0.777"/>
  <testcase classname="tests.UserTests" name="testGetAllUsers" time="0.754"/>
  <testcase classname="tests.UserTests" name="testGetSingleUser" time="0.651"/>
  <testcase classname="tests.UserTests" name="testUpdateUser" time="6.127"/>
</testsuite> <!-- UserTests -->
