<?xml version="1.0" encoding="UTF-8"?>
<!-- Generated by org.testng.reporters.JUnitXMLReporter -->
<testsuite ignored="0" hostname="Raul" failures="2" tests="5" name="UserAPI Tests" time="9.094" errors="0" timestamp="2026-03-14T16:39:29 IST">
  <testcase classname="tests.GetUserTest" name="verifyGetAllUsers" time="3.107">
    <failure type="java.lang.AssertionError" message="expected [200] but found [404]">
      <![CDATA[java.lang.AssertionError: expected [200] but found [404]
at tests.GetUserTest.verifyGetAllUsers(GetUserTest.java:24)
at java.base/java.util.ArrayList.forEach(ArrayList.java:1511)
... Removed 34 stack frames]]>
    </failure>
  </testcase> <!-- verifyGetAllUsers -->
  <testcase classname="tests.GetUserTest" name="verifyGetSingleUser" time="0.504">
    <failure type="java.lang.AssertionError" message="expected [200] but found [404]">
      <![CDATA[java.lang.AssertionError: expected [200] but found [404]
at tests.GetUserTest.verifyGetSingleUser(GetUserTest.java:35)
at java.base/java.util.ArrayList.forEach(ArrayList.java:1511)
... Removed 34 stack frames]]>
    </failure>
  </testcase> <!-- verifyGetSingleUser -->
  <testcase classname="tests.CreateUserTest" name="verifyCreateUser" time="2.955"/>
  <testcase classname="tests.UpdateUserTest" name="verifyUpdateUser" time="0.805"/>
  <testcase classname="tests.DeleteUserTest" name="verifyDeleteUser" time="0.553"/>
</testsuite> <!-- UserAPI Tests -->
