<?xml version="1.0" encoding="UTF-8"?>
<testng-results ignored="0" total="5" passed="5" failed="0" skipped="0">
  <reporter-output>
  </reporter-output>
  <suite started-at="2026-03-14T16:57:27 IST" name="APIAutomationSuite" finished-at="2026-03-14T16:57:40 IST" duration-ms="12896">
    <groups>
    </groups>
    <test started-at="2026-03-14T16:57:27 IST" name="UserTests" finished-at="2026-03-14T16:57:40 IST" duration-ms="12896">
      <class name="tests.UserTests">
        <test-method is-config="true" signature="init()[pri:0, instance:tests.UserTests@67304a40]" started-at="2026-03-14T16:57:27 IST" name="init" finished-at="2026-03-14T16:57:28 IST" duration-ms="916" status="PASS">
          <reporter-output>
          </reporter-output>
        </test-method> <!-- init -->
        <test-method signature="testCreateUser()[pri:0, instance:tests.UserTests@67304a40]" started-at="2026-03-14T16:57:28 IST" name="testCreateUser" finished-at="2026-03-14T16:57:31 IST" duration-ms="3505" status="PASS">
          <reporter-output>
          </reporter-output>
        </test-method> <!-- testCreateUser -->
        <test-method is-config="true" signature="init()[pri:0, instance:tests.UserTests@67304a40]" started-at="2026-03-14T16:57:31 IST" name="init" finished-at="2026-03-14T16:57:31 IST" duration-ms="10" status="PASS">
          <reporter-output>
          </reporter-output>
        </test-method> <!-- init -->
        <test-method signature="testDeleteUser()[pri:0, instance:tests.UserTests@67304a40]" started-at="2026-03-14T16:57:31 IST" name="testDeleteUser" finished-at="2026-03-14T16:57:32 IST" duration-ms="777" status="PASS">
          <reporter-output>
          </reporter-output>
        </test-method> <!-- testDeleteUser -->
        <test-method is-config="true" signature="init()[pri:0, instance:tests.UserTests@67304a40]" started-at="2026-03-14T16:57:32 IST" name="init" finished-at="2026-03-14T16:57:32 IST" duration-ms="8" status="PASS">
          <reporter-output>
          </reporter-output>
        </test-method> <!-- init -->
        <test-method signature="testGetAllUsers()[pri:0, instance:tests.UserTests@67304a40]" started-at="2026-03-14T16:57:32 IST" name="testGetAllUsers" finished-at="2026-03-14T16:57:33 IST" duration-ms="754" status="PASS">
          <reporter-output>
          </reporter-output>
        </test-method> <!-- testGetAllUsers -->
        <test-method is-config="true" signature="init()[pri:0, instance:tests.UserTests@67304a40]" started-at="2026-03-14T16:57:33 IST" name="init" finished-at="2026-03-14T16:57:33 IST" duration-ms="5" status="PASS">
          <reporter-output>
          </reporter-output>
        </test-method> <!-- init -->
        <test-method signature="testGetSingleUser()[pri:0, instance:tests.UserTests@67304a40]" started-at="2026-03-14T16:57:33 IST" name="testGetSingleUser" finished-at="2026-03-14T16:57:34 IST" duration-ms="651" status="PASS">
          <reporter-output>
          </reporter-output>
        </test-method> <!-- testGetSingleUser -->
        <test-method is-config="true" signature="init()[pri:0, instance:tests.UserTests@67304a40]" started-at="2026-03-14T16:57:34 IST" name="init" finished-at="2026-03-14T16:57:34 IST" duration-ms="4" status="PASS">
          <reporter-output>
          </reporter-output>
        </test-method> <!-- init -->
        <test-method signature="testUpdateUser()[pri:0, instance:tests.UserTests@67304a40]" started-at="2026-03-14T16:57:34 IST" name="testUpdateUser" finished-at="2026-03-14T16:57:40 IST" duration-ms="6127" status="PASS">
          <reporter-output>
          </reporter-output>
        </test-method> <!-- testUpdateUser -->
      </class> <!-- tests.UserTests -->
    </test> <!-- UserTests -->
  </suite> <!-- APIAutomationSuite -->
</testng-results>
