<?xml version="1.0" encoding="UTF-8"?>
<!-- Generated by org.testng.reporters.JUnitReportReporter -->
<testsuite hostname="Raul" failures="0" tests="5" name="tests.UserTests" time="12.757" errors="0" timestamp="2026-03-14T16:57:40 IST" skipped="0">
  <testcase classname="tests.UserTests" name="testUpdateUser" time="6.135"/>
  <testcase classname="tests.UserTests" name="testDeleteUser" time="1.693"/>
  <testcase classname="tests.UserTests" name="testGetAllUsers" time="0.764"/>
  <testcase classname="tests.UserTests" name="testCreateUser" time="3.509"/>
  <testcase classname="tests.UserTests" name="testGetSingleUser" time="0.656"/>
</testsuite> <!-- tests.UserTests -->
